<?xml version="1.0" encoding="UTF-8"?>
<!-- Generated by org.testng.reporters.JUnitXMLReporter -->
<testsuite ignored="0" hostname="LAPTOP-H362FG0I" failures="0" tests="7" name="Default test" time="34.206" errors="0" timestamp="2025-12-10T20:46:05 IST">
  <testcase classname="Testcasesdemo.ProductView_Test" name="verifyPhonesCategoryImagesDisplayed" time="1.494"/>
  <testcase classname="Testcasesdemo.ProductView_Test" name="verifyLaptopsCategoryImagesDisplayed" time="2.22"/>
  <testcase classname="Testcasesdemo.ProductView_Test" name="verifyMonitorsCategoryImagesDisplayed" time="2.291"/>
  <testcase classname="Testcasesdemo.ProductView_Test" name="verifyAllPhoneNamesDisplayed" time="2.399"/>
  <testcase classname="Testcasesdemo.ProductView_Test" name="TC_Phone_NEG_001_verifyPhonesNotShownWithoutClick" time="0.024"/>
  <testcase classname="Testcasesdemo.ProductView_Test" name="TC_Phone_NEG_002_verifyNoEmptyProductNames" time="2.407"/>
  <testcase classname="Testcasesdemo.ProductView_Test" name="TC_Phone_NEG_003_verifyNoDuplicateProductNames" time="2.337"/>
</testsuite> <!-- Default test -->
