<?xml version="1.0" encoding="UTF-8"?>
<!-- Generated by org.testng.reporters.JUnitXMLReporter -->
<testsuite ignored="0" hostname="LAPTOP-H362FG0I" failures="0" tests="41" name="Test" time="439.967" errors="0" timestamp="2025-12-12T12:14:38 IST">
  <testcase classname="Testcasesdemo.Signup_test" name="verifySignupWithBlankFields" time="5.589"/>
  <testcase classname="Testcasesdemo.Signup_test" name="verifySignupWithInvalidUsername" time="5.466"/>
  <testcase classname="Testcasesdemo.Signup_test" name="verifySuccessfulSignup" time="6.549"/>
  <testcase classname="Testcasesdemo.LoginTest" name="verifyLoginWithWrongPassword" time="6.474"/>
  <testcase classname="Testcasesdemo.LoginTest" name="verifyLoginWithUnregisteredUser" time="6.488"/>
  <testcase classname="Testcasesdemo.LoginTest" name="verifyLoginWithEmptyFields" time="2.276"/>
  <testcase classname="Testcasesdemo.LoginTest" name="verifyLoginWithEmptyUsernameOnly" time="2.321"/>
  <testcase classname="Testcasesdemo.LoginTest" name="verifyLoginWithEmptyPasswordOnly" time="2.407"/>
  <testcase classname="Testcasesdemo.HomeTest" name="scrollTest" time="10.052"/>
  <testcase classname="Testcasesdemo.HomeTest" name="testClickFirstProduct" time="4.675"/>
  <testcase classname="Testcasesdemo.HomeTest" name="verifyPaginationButtonsDisplayed" time="0.071"/>
  <testcase classname="Testcasesdemo.HomeTest" name="verifyNextButtonClick" time="1.136"/>
  <testcase classname="Testcasesdemo.HomeTest" name="verifyPreviousButtonClick" time="1.141"/>
  <testcase classname="Testcasesdemo.HomeTest" name="verifySliderImageDisplayed" time="0.042"/>
  <testcase classname="Testcasesdemo.ProductView_Test" name="verifyPhonesCategoryImagesDisplayed" time="1.379"/>
  <testcase classname="Testcasesdemo.ProductView_Test" name="verifyLaptopsCategoryImagesDisplayed" time="2.243"/>
  <testcase classname="Testcasesdemo.ProductView_Test" name="verifyMonitorsCategoryImagesDisplayed" time="2.205"/>
  <testcase classname="Testcasesdemo.ProductView_Test" name="verifyAllPhoneNamesDisplayed" time="2.245"/>
  <testcase classname="Testcasesdemo.ProductView_Test" name="TC_Phone_NEG_001_verifyPhonesNotShownWithoutClick" time="0.021"/>
  <testcase classname="Testcasesdemo.ProductView_Test" name="TC_Phone_NEG_002_verifyNoEmptyProductNames" time="2.246"/>
  <testcase classname="Testcasesdemo.ProductView_Test" name="TC_Phone_NEG_003_verifyNoDuplicateProductNames" time="2.23"/>
  <testcase classname="Testcasesdemo.ContactTest" name="testCloseButton" time="0.208"/>
  <testcase classname="Testcasesdemo.ContactTest" name="testEmptyAllFields" time="0.595"/>
  <testcase classname="Testcasesdemo.ContactTest" name="testInvalidCharactersName" time="0.648"/>
  <testcase classname="Testcasesdemo.ContactTest" name="testInvalidEmailFormat" time="0.541"/>
  <testcase classname="Testcasesdemo.ContactTest" name="testValidContactMessage" time="0.696"/>
  <testcase classname="Testcasesdemo.ContactTest" name="testValidEmailOnly" time="0.619"/>
  <testcase classname="Testcasesdemo.ContactTest" name="testValidMessageOnly" time="0.612"/>
  <testcase classname="Testcasesdemo.ContactTest" name="testValidNameOnly" time="0.626"/>
  <testcase classname="Testcasesdemo.ContactTest" name="testVeryLongMessage" time="2.69"/>
  <testcase classname="Testcasesdemo.ContactTest" name="testVeryLongName" time="1.002"/>
  <testcase classname="Testcasesdemo.AboutTest" name="testOpenAboutModal" time="2.145"/>
  <testcase classname="Testcasesdemo.AboutTest" name="testVideoDisplayed" time="25.185"/>
  <testcase classname="Testcasesdemo.AboutTest" name="testCloseButtonWorks" time="3.189"/>
  <testcase classname="Testcasesdemo.AboutTest" name="testIframeLoads" time="5.131"/>
  <testcase classname="Testcasesdemo.AboutTest" name="testVideoPauseFunctionality" time="8.214"/>
  <testcase classname="Testcasesdemo.PlaceOrderTest" name="testPlaceOrder" time="3.101"/>
  <testcase classname="Testcasesdemo.PlaceOrderTest" name="testPlaceOrder" time="3.113"/>
  <testcase classname="Testcasesdemo.PlaceOrderTest" name="testPlaceOrder" time="3.105"/>
  <testcase classname="Testcasesdemo.PlaceOrderTest" name="testPlaceOrder" time="3.097"/>
  <testcase classname="Testcasesdemo.SignUpLoginPurchaseFlowTest" name="testSignUpLoginPurchaseFlow" time="116.246"/>
</testsuite> <!-- Test -->
