<?xml version="1.0" encoding="UTF-8"?>
<testng-results ignored="0" total="41" passed="41" failed="0" skipped="0">
  <reporter-output>
  </reporter-output>
  <suite started-at="2025-12-12T12:07:18 IST" name="Suite" finished-at="2025-12-12T12:14:38 IST" duration-ms="439967">
    <groups>
    </groups>
    <test started-at="2025-12-12T12:07:18 IST" name="Test" finished-at="2025-12-12T12:14:38 IST" duration-ms="439967">
      <class name="Testcasesdemo.HomeTest">
        <test-method is-config="true" signature="setup()[pri:0, instance:Testcasesdemo.HomeTest@409bf450]" started-at="2025-12-12T12:08:22 IST" name="setup" finished-at="2025-12-12T12:08:25 IST" duration-ms="2486" status="PASS">
          <reporter-output>
          </reporter-output>
        </test-method> <!-- setup -->
        <test-method signature="scrollTest()[pri:0, instance:Testcasesdemo.HomeTest@409bf450]" started-at="2025-12-12T12:08:25 IST" name="scrollTest" finished-at="2025-12-12T12:08:35 IST" duration-ms="10052" status="PASS">
          <reporter-output>
          </reporter-output>
        </test-method> <!-- scrollTest -->
        <test-method is-config="true" signature="tearDown()[pri:0, instance:Testcasesdemo.HomeTest@409bf450]" started-at="2025-12-12T12:08:35 IST" name="tearDown" finished-at="2025-12-12T12:08:35 IST" duration-ms="452" status="PASS">
          <reporter-output>
          </reporter-output>
        </test-method> <!-- tearDown -->
        <test-method is-config="true" signature="setup()[pri:0, instance:Testcasesdemo.HomeTest@409bf450]" started-at="2025-12-12T12:08:35 IST" name="setup" finished-at="2025-12-12T12:08:38 IST" duration-ms="2675" status="PASS">
          <reporter-output>
          </reporter-output>
        </test-method> <!-- setup -->
        <test-method signature="testClickFirstProduct()[pri:0, instance:Testcasesdemo.HomeTest@409bf450]" started-at="2025-12-12T12:08:38 IST" name="testClickFirstProduct" finished-at="2025-12-12T12:08:43 IST" duration-ms="4675" status="PASS">
          <reporter-output>
          </reporter-output>
        </test-method> <!-- testClickFirstProduct -->
        <test-method is-config="true" signature="tearDown()[pri:0, instance:Testcasesdemo.HomeTest@409bf450]" started-at="2025-12-12T12:08:43 IST" name="tearDown" finished-at="2025-12-12T12:08:43 IST" duration-ms="352" status="PASS">
          <reporter-output>
          </reporter-output>
        </test-method> <!-- tearDown -->
        <test-method is-config="true" signature="setup()[pri:0, instance:Testcasesdemo.HomeTest@409bf450]" started-at="2025-12-12T12:08:43 IST" name="setup" finished-at="2025-12-12T12:08:45 IST" duration-ms="2277" status="PASS">
          <reporter-output>
          </reporter-output>
        </test-method> <!-- setup -->
        <test-method signature="verifyPaginationButtonsDisplayed()[pri:1, instance:Testcasesdemo.HomeTest@409bf450]" started-at="2025-12-12T12:08:45 IST" name="verifyPaginationButtonsDisplayed" finished-at="2025-12-12T12:08:45 IST" duration-ms="71" status="PASS">
          <reporter-output>
          </reporter-output>
        </test-method> <!-- verifyPaginationButtonsDisplayed -->
        <test-method is-config="true" signature="tearDown()[pri:0, instance:Testcasesdemo.HomeTest@409bf450]" started-at="2025-12-12T12:08:45 IST" name="tearDown" finished-at="2025-12-12T12:08:46 IST" duration-ms="289" status="PASS">
          <reporter-output>
          </reporter-output>
        </test-method> <!-- tearDown -->
        <test-method is-config="true" signature="setup()[pri:0, instance:Testcasesdemo.HomeTest@409bf450]" started-at="2025-12-12T12:08:46 IST" name="setup" finished-at="2025-12-12T12:08:48 IST" duration-ms="2138" status="PASS">
          <reporter-output>
          </reporter-output>
        </test-method> <!-- setup -->
        <test-method signature="verifyNextButtonClick()[pri:2, instance:Testcasesdemo.HomeTest@409bf450]" started-at="2025-12-12T12:08:48 IST" name="verifyNextButtonClick" finished-at="2025-12-12T12:08:49 IST" duration-ms="1136" status="PASS">
          <reporter-output>
          </reporter-output>
        </test-method> <!-- verifyNextButtonClick -->
        <test-method is-config="true" signature="tearDown()[pri:0, instance:Testcasesdemo.HomeTest@409bf450]" started-at="2025-12-12T12:08:49 IST" name="tearDown" finished-at="2025-12-12T12:08:49 IST" duration-ms="406" status="PASS">
          <reporter-output>
          </reporter-output>
        </test-method> <!-- tearDown -->
        <test-method is-config="true" signature="setup()[pri:0, instance:Testcasesdemo.HomeTest@409bf450]" started-at="2025-12-12T12:08:49 IST" name="setup" finished-at="2025-12-12T12:08:52 IST" duration-ms="2242" status="PASS">
          <reporter-output>
          </reporter-output>
        </test-method> <!-- setup -->
        <test-method signature="verifyPreviousButtonClick()[pri:3, instance:Testcasesdemo.HomeTest@409bf450]" started-at="2025-12-12T12:08:52 IST" name="verifyPreviousButtonClick" finished-at="2025-12-12T12:08:53 IST" duration-ms="1141" status="PASS">
          <reporter-output>
          </reporter-output>
        </test-method> <!-- verifyPreviousButtonClick -->
        <test-method is-config="true" signature="tearDown()[pri:0, instance:Testcasesdemo.HomeTest@409bf450]" started-at="2025-12-12T12:08:53 IST" name="tearDown" finished-at="2025-12-12T12:08:53 IST" duration-ms="363" status="PASS">
          <reporter-output>
          </reporter-output>
        </test-method> <!-- tearDown -->
        <test-method is-config="true" signature="setup()[pri:0, instance:Testcasesdemo.HomeTest@409bf450]" started-at="2025-12-12T12:08:53 IST" name="setup" finished-at="2025-12-12T12:08:55 IST" duration-ms="2288" status="PASS">
          <reporter-output>
          </reporter-output>
        </test-method> <!-- setup -->
        <test-method signature="verifySliderImageDisplayed()[pri:4, instance:Testcasesdemo.HomeTest@409bf450]" started-at="2025-12-12T12:08:55 IST" name="verifySliderImageDisplayed" finished-at="2025-12-12T12:08:56 IST" duration-ms="42" status="PASS">
          <reporter-output>
          </reporter-output>
        </test-method> <!-- verifySliderImageDisplayed -->
        <test-method is-config="true" signature="tearDown()[pri:0, instance:Testcasesdemo.HomeTest@409bf450]" started-at="2025-12-12T12:08:56 IST" name="tearDown" finished-at="2025-12-12T12:08:56 IST" duration-ms="284" status="PASS">
          <reporter-output>
          </reporter-output>
        </test-method> <!-- tearDown -->
      </class> <!-- Testcasesdemo.HomeTest -->
      <class name="Testcasesdemo.PlaceOrderTest">
        <test-method is-config="true" signature="setup()[pri:0, instance:Testcasesdemo.PlaceOrderTest@55141def]" started-at="2025-12-12T12:11:35 IST" name="setup" finished-at="2025-12-12T12:11:38 IST" duration-ms="2262" status="PASS">
          <reporter-output>
          </reporter-output>
        </test-method> <!-- setup -->
        <test-method is-config="true" signature="openPlaceOrderPopup()[pri:0, instance:Testcasesdemo.PlaceOrderTest@55141def]" started-at="2025-12-12T12:11:38 IST" name="openPlaceOrderPopup" finished-at="2025-12-12T12:11:48 IST" duration-ms="10146" status="PASS">
          <reporter-output>
          </reporter-output>
        </test-method> <!-- openPlaceOrderPopup -->
        <test-method signature="testPlaceOrder(java.lang.String,java.lang.String,java.lang.String,java.lang.String,java.lang.String,java.lang.String)[pri:0, instance:Testcasesdemo.PlaceOrderTest@55141def]" started-at="2025-12-12T12:11:48 IST" name="testPlaceOrder" data-provider="orderData" finished-at="2025-12-12T12:11:51 IST" duration-ms="3101" status="PASS">
          <params>
            <param index="0">
              <value>
                <![CDATA[Anu]]>
              </value>
            </param>
            <param index="1">
              <value>
                <![CDATA[India]]>
              </value>
            </param>
            <param index="2">
              <value>
                <![CDATA[Kochi]]>
              </value>
            </param>
            <param index="3">
              <value>
                <![CDATA[123456789]]>
              </value>
            </param>
            <param index="4">
              <value>
                <![CDATA[12]]>
              </value>
            </param>
            <param index="5">
              <value>
                <![CDATA[2025]]>
              </value>
            </param>
          </params>
          <reporter-output>
          </reporter-output>
        </test-method> <!-- testPlaceOrder -->
        <test-method is-config="true" signature="tearDown()[pri:0, instance:Testcasesdemo.PlaceOrderTest@55141def]" started-at="2025-12-12T12:11:51 IST" name="tearDown" finished-at="2025-12-12T12:11:51 IST" duration-ms="340" status="PASS">
          <reporter-output>
          </reporter-output>
        </test-method> <!-- tearDown -->
        <test-method is-config="true" signature="setup()[pri:0, instance:Testcasesdemo.PlaceOrderTest@55141def]" started-at="2025-12-12T12:11:51 IST" name="setup" finished-at="2025-12-12T12:11:53 IST" duration-ms="2208" status="PASS">
          <reporter-output>
          </reporter-output>
        </test-method> <!-- setup -->
        <test-method is-config="true" signature="openPlaceOrderPopup()[pri:0, instance:Testcasesdemo.PlaceOrderTest@55141def]" started-at="2025-12-12T12:11:53 IST" name="openPlaceOrderPopup" finished-at="2025-12-12T12:12:04 IST" duration-ms="10211" status="PASS">
          <reporter-output>
          </reporter-output>
        </test-method> <!-- openPlaceOrderPopup -->
        <test-method signature="testPlaceOrder(java.lang.String,java.lang.String,java.lang.String,java.lang.String,java.lang.String,java.lang.String)[pri:0, instance:Testcasesdemo.PlaceOrderTest@55141def]" started-at="2025-12-12T12:12:04 IST" name="testPlaceOrder" data-provider="orderData" finished-at="2025-12-12T12:12:07 IST" duration-ms="3113" status="PASS">
          <params>
            <param index="0">
              <value>
                <![CDATA[Rahul]]>
              </value>
            </param>
            <param index="1">
              <value>
                <![CDATA[Oman]]>
              </value>
            </param>
            <param index="2">
              <value>
                <![CDATA[Muscat]]>
              </value>
            </param>
            <param index="3">
              <value>
                <![CDATA[987654321]]>
              </value>
            </param>
            <param index="4">
              <value>
                <![CDATA[10]]>
              </value>
            </param>
            <param index="5">
              <value>
                <![CDATA[2026]]>
              </value>
            </param>
          </params>
          <reporter-output>
          </reporter-output>
        </test-method> <!-- testPlaceOrder -->
        <test-method is-config="true" signature="tearDown()[pri:0, instance:Testcasesdemo.PlaceOrderTest@55141def]" started-at="2025-12-12T12:12:07 IST" name="tearDown" finished-at="2025-12-12T12:12:07 IST" duration-ms="326" status="PASS">
          <reporter-output>
          </reporter-output>
        </test-method> <!-- tearDown -->
        <test-method is-config="true" signature="setup()[pri:0, instance:Testcasesdemo.PlaceOrderTest@55141def]" started-at="2025-12-12T12:12:07 IST" name="setup" finished-at="2025-12-12T12:12:09 IST" duration-ms="2276" status="PASS">
          <reporter-output>
          </reporter-output>
        </test-method> <!-- setup -->
        <test-method is-config="true" signature="openPlaceOrderPopup()[pri:0, instance:Testcasesdemo.PlaceOrderTest@55141def]" started-at="2025-12-12T12:12:09 IST" name="openPlaceOrderPopup" finished-at="2025-12-12T12:12:19 IST" duration-ms="10111" status="PASS">
          <reporter-output>
          </reporter-output>
        </test-method> <!-- openPlaceOrderPopup -->
        <test-method signature="testPlaceOrder(java.lang.String,java.lang.String,java.lang.String,java.lang.String,java.lang.String,java.lang.String)[pri:0, instance:Testcasesdemo.PlaceOrderTest@55141def]" started-at="2025-12-12T12:12:19 IST" name="testPlaceOrder" data-provider="orderData" finished-at="2025-12-12T12:12:23 IST" duration-ms="3105" status="PASS">
          <params>
            <param index="0">
              <value>
                <![CDATA[Liya]]>
              </value>
            </param>
            <param index="1">
              <value>
                <![CDATA[UAE]]>
              </value>
            </param>
            <param index="2">
              <value>
                <![CDATA[Dubai]]>
              </value>
            </param>
            <param index="3">
              <value>
                <![CDATA[55555555]]>
              </value>
            </param>
            <param index="4">
              <value>
                <![CDATA[08]]>
              </value>
            </param>
            <param index="5">
              <value>
                <![CDATA[2024]]>
              </value>
            </param>
          </params>
          <reporter-output>
          </reporter-output>
        </test-method> <!-- testPlaceOrder -->
        <test-method is-config="true" signature="tearDown()[pri:0, instance:Testcasesdemo.PlaceOrderTest@55141def]" started-at="2025-12-12T12:12:23 IST" name="tearDown" finished-at="2025-12-12T12:12:23 IST" duration-ms="389" status="PASS">
          <reporter-output>
          </reporter-output>
        </test-method> <!-- tearDown -->
        <test-method is-config="true" signature="setup()[pri:0, instance:Testcasesdemo.PlaceOrderTest@55141def]" started-at="2025-12-12T12:12:23 IST" name="setup" finished-at="2025-12-12T12:12:25 IST" duration-ms="2443" status="PASS">
          <reporter-output>
          </reporter-output>
        </test-method> <!-- setup -->
        <test-method is-config="true" signature="openPlaceOrderPopup()[pri:0, instance:Testcasesdemo.PlaceOrderTest@55141def]" started-at="2025-12-12T12:12:25 IST" name="openPlaceOrderPopup" finished-at="2025-12-12T12:12:36 IST" duration-ms="10220" status="PASS">
          <reporter-output>
          </reporter-output>
        </test-method> <!-- openPlaceOrderPopup -->
        <test-method signature="testPlaceOrder(java.lang.String,java.lang.String,java.lang.String,java.lang.String,java.lang.String,java.lang.String)[pri:0, instance:Testcasesdemo.PlaceOrderTest@55141def]" started-at="2025-12-12T12:12:36 IST" name="testPlaceOrder" data-provider="orderData" finished-at="2025-12-12T12:12:39 IST" duration-ms="3097" status="PASS">
          <params>
            <param index="0">
              <value>
                <![CDATA[Ammu]]>
              </value>
            </param>
            <param index="1">
              <value>
                <![CDATA[Qatar]]>
              </value>
            </param>
            <param index="2">
              <value>
                <![CDATA[Doha]]>
              </value>
            </param>
            <param index="3">
              <value>
                <![CDATA[44444444]]>
              </value>
            </param>
            <param index="4">
              <value>
                <![CDATA[05]]>
              </value>
            </param>
            <param index="5">
              <value>
                <![CDATA[2027]]>
              </value>
            </param>
          </params>
          <reporter-output>
          </reporter-output>
        </test-method> <!-- testPlaceOrder -->
        <test-method is-config="true" signature="tearDown()[pri:0, instance:Testcasesdemo.PlaceOrderTest@55141def]" started-at="2025-12-12T12:12:39 IST" name="tearDown" finished-at="2025-12-12T12:12:39 IST" duration-ms="337" status="PASS">
          <reporter-output>
          </reporter-output>
        </test-method> <!-- tearDown -->
      </class> <!-- Testcasesdemo.PlaceOrderTest -->
      <class name="Testcasesdemo.AboutTest">
        <test-method is-config="true" signature="setup()[pri:0, instance:Testcasesdemo.AboutTest@47eaca72]" started-at="2025-12-12T12:10:26 IST" name="setup" finished-at="2025-12-12T12:10:28 IST" duration-ms="2014" status="PASS">
          <reporter-output>
          </reporter-output>
        </test-method> <!-- setup -->
        <test-method is-config="true" signature="setUpAboutPage()[pri:0, instance:Testcasesdemo.AboutTest@47eaca72]" started-at="2025-12-12T12:10:28 IST" name="setUpAboutPage" finished-at="2025-12-12T12:10:31 IST" duration-ms="2362" status="PASS">
          <reporter-output>
          </reporter-output>
        </test-method> <!-- setUpAboutPage -->
        <test-method signature="testOpenAboutModal()[pri:1, instance:Testcasesdemo.AboutTest@47eaca72]" started-at="2025-12-12T12:10:31 IST" name="testOpenAboutModal" finished-at="2025-12-12T12:10:33 IST" duration-ms="2145" status="PASS">
          <reporter-output>
          </reporter-output>
        </test-method> <!-- testOpenAboutModal -->
        <test-method is-config="true" signature="tearDown()[pri:0, instance:Testcasesdemo.AboutTest@47eaca72]" started-at="2025-12-12T12:10:33 IST" name="tearDown" finished-at="2025-12-12T12:10:33 IST" duration-ms="317" status="PASS">
          <reporter-output>
          </reporter-output>
        </test-method> <!-- tearDown -->
        <test-method is-config="true" signature="setup()[pri:0, instance:Testcasesdemo.AboutTest@47eaca72]" started-at="2025-12-12T12:10:33 IST" name="setup" finished-at="2025-12-12T12:10:35 IST" duration-ms="2102" status="PASS">
          <reporter-output>
          </reporter-output>
        </test-method> <!-- setup -->
        <test-method is-config="true" signature="setUpAboutPage()[pri:0, instance:Testcasesdemo.AboutTest@47eaca72]" started-at="2025-12-12T12:10:35 IST" name="setUpAboutPage" finished-at="2025-12-12T12:10:38 IST" duration-ms="2363" status="PASS">
          <reporter-output>
          </reporter-output>
        </test-method> <!-- setUpAboutPage -->
        <test-method signature="testVideoDisplayed()[pri:2, instance:Testcasesdemo.AboutTest@47eaca72]" started-at="2025-12-12T12:10:38 IST" name="testVideoDisplayed" finished-at="2025-12-12T12:11:03 IST" duration-ms="25185" status="PASS">
          <reporter-output>
          </reporter-output>
        </test-method> <!-- testVideoDisplayed -->
        <test-method is-config="true" signature="tearDown()[pri:0, instance:Testcasesdemo.AboutTest@47eaca72]" started-at="2025-12-12T12:11:03 IST" name="tearDown" finished-at="2025-12-12T12:11:03 IST" duration-ms="326" status="PASS">
          <reporter-output>
          </reporter-output>
        </test-method> <!-- tearDown -->
        <test-method is-config="true" signature="setup()[pri:0, instance:Testcasesdemo.AboutTest@47eaca72]" started-at="2025-12-12T12:11:03 IST" name="setup" finished-at="2025-12-12T12:11:06 IST" duration-ms="2498" status="PASS">
          <reporter-output>
          </reporter-output>
        </test-method> <!-- setup -->
        <test-method is-config="true" signature="setUpAboutPage()[pri:0, instance:Testcasesdemo.AboutTest@47eaca72]" started-at="2025-12-12T12:11:06 IST" name="setUpAboutPage" finished-at="2025-12-12T12:11:08 IST" duration-ms="2377" status="PASS">
          <reporter-output>
          </reporter-output>
        </test-method> <!-- setUpAboutPage -->
        <test-method signature="testCloseButtonWorks()[pri:3, instance:Testcasesdemo.AboutTest@47eaca72]" started-at="2025-12-12T12:11:08 IST" name="testCloseButtonWorks" finished-at="2025-12-12T12:11:11 IST" duration-ms="3189" status="PASS">
          <reporter-output>
          </reporter-output>
        </test-method> <!-- testCloseButtonWorks -->
        <test-method is-config="true" signature="tearDown()[pri:0, instance:Testcasesdemo.AboutTest@47eaca72]" started-at="2025-12-12T12:11:11 IST" name="tearDown" finished-at="2025-12-12T12:11:11 IST" duration-ms="319" status="PASS">
          <reporter-output>
          </reporter-output>
        </test-method> <!-- tearDown -->
        <test-method is-config="true" signature="setup()[pri:0, instance:Testcasesdemo.AboutTest@47eaca72]" started-at="2025-12-12T12:11:11 IST" name="setup" finished-at="2025-12-12T12:11:14 IST" duration-ms="2447" status="PASS">
          <reporter-output>
          </reporter-output>
        </test-method> <!-- setup -->
        <test-method is-config="true" signature="setUpAboutPage()[pri:0, instance:Testcasesdemo.AboutTest@47eaca72]" started-at="2025-12-12T12:11:14 IST" name="setUpAboutPage" finished-at="2025-12-12T12:11:16 IST" duration-ms="2378" status="PASS">
          <reporter-output>
          </reporter-output>
        </test-method> <!-- setUpAboutPage -->
        <test-method signature="testIframeLoads()[pri:4, instance:Testcasesdemo.AboutTest@47eaca72]" started-at="2025-12-12T12:11:16 IST" name="testIframeLoads" finished-at="2025-12-12T12:11:21 IST" duration-ms="5131" status="PASS">
          <reporter-output>
          </reporter-output>
        </test-method> <!-- testIframeLoads -->
        <test-method is-config="true" signature="tearDown()[pri:0, instance:Testcasesdemo.AboutTest@47eaca72]" started-at="2025-12-12T12:11:21 IST" name="tearDown" finished-at="2025-12-12T12:11:22 IST" duration-ms="292" status="PASS">
          <reporter-output>
          </reporter-output>
        </test-method> <!-- tearDown -->
        <test-method is-config="true" signature="setup()[pri:0, instance:Testcasesdemo.AboutTest@47eaca72]" started-at="2025-12-12T12:11:22 IST" name="setup" finished-at="2025-12-12T12:11:24 IST" duration-ms="2612" status="PASS">
          <reporter-output>
          </reporter-output>
        </test-method> <!-- setup -->
        <test-method is-config="true" signature="setUpAboutPage()[pri:0, instance:Testcasesdemo.AboutTest@47eaca72]" started-at="2025-12-12T12:11:24 IST" name="setUpAboutPage" finished-at="2025-12-12T12:11:27 IST" duration-ms="2505" status="PASS">
          <reporter-output>
          </reporter-output>
        </test-method> <!-- setUpAboutPage -->
        <test-method signature="testVideoPauseFunctionality()[pri:5, instance:Testcasesdemo.AboutTest@47eaca72]" started-at="2025-12-12T12:11:27 IST" name="testVideoPauseFunctionality" finished-at="2025-12-12T12:11:35 IST" duration-ms="8214" status="PASS">
          <reporter-output>
          </reporter-output>
        </test-method> <!-- testVideoPauseFunctionality -->
        <test-method is-config="true" signature="tearDown()[pri:0, instance:Testcasesdemo.AboutTest@47eaca72]" started-at="2025-12-12T12:11:35 IST" name="tearDown" finished-at="2025-12-12T12:11:35 IST" duration-ms="308" status="PASS">
          <reporter-output>
          </reporter-output>
        </test-method> <!-- tearDown -->
      </class> <!-- Testcasesdemo.AboutTest -->
      <class name="Testcasesdemo.LoginTest">
        <test-method is-config="true" signature="setup()[pri:0, instance:Testcasesdemo.LoginTest@3c19aaa5]" started-at="2025-12-12T12:07:49 IST" name="setup" finished-at="2025-12-12T12:07:52 IST" duration-ms="2801" status="PASS">
          <reporter-output>
          </reporter-output>
        </test-method> <!-- setup -->
        <test-method signature="verifyLoginWithWrongPassword()[pri:1, instance:Testcasesdemo.LoginTest@3c19aaa5]" started-at="2025-12-12T12:07:52 IST" name="verifyLoginWithWrongPassword" finished-at="2025-12-12T12:07:58 IST" duration-ms="6474" status="PASS">
          <reporter-output>
          </reporter-output>
        </test-method> <!-- verifyLoginWithWrongPassword -->
        <test-method is-config="true" signature="tearDown()[pri:0, instance:Testcasesdemo.LoginTest@3c19aaa5]" started-at="2025-12-12T12:07:58 IST" name="tearDown" finished-at="2025-12-12T12:07:58 IST" duration-ms="303" status="PASS">
          <reporter-output>
          </reporter-output>
        </test-method> <!-- tearDown -->
        <test-method is-config="true" signature="setup()[pri:0, instance:Testcasesdemo.LoginTest@3c19aaa5]" started-at="2025-12-12T12:07:58 IST" name="setup" finished-at="2025-12-12T12:08:01 IST" duration-ms="2406" status="PASS">
          <reporter-output>
          </reporter-output>
        </test-method> <!-- setup -->
        <test-method signature="verifyLoginWithUnregisteredUser()[pri:2, instance:Testcasesdemo.LoginTest@3c19aaa5]" started-at="2025-12-12T12:08:01 IST" name="verifyLoginWithUnregisteredUser" finished-at="2025-12-12T12:08:07 IST" duration-ms="6488" status="PASS">
          <reporter-output>
          </reporter-output>
        </test-method> <!-- verifyLoginWithUnregisteredUser -->
        <test-method is-config="true" signature="tearDown()[pri:0, instance:Testcasesdemo.LoginTest@3c19aaa5]" started-at="2025-12-12T12:08:07 IST" name="tearDown" finished-at="2025-12-12T12:08:08 IST" duration-ms="339" status="PASS">
          <reporter-output>
          </reporter-output>
        </test-method> <!-- tearDown -->
        <test-method is-config="true" signature="setup()[pri:0, instance:Testcasesdemo.LoginTest@3c19aaa5]" started-at="2025-12-12T12:08:08 IST" name="setup" finished-at="2025-12-12T12:08:10 IST" duration-ms="2695" status="PASS">
          <reporter-output>
          </reporter-output>
        </test-method> <!-- setup -->
        <test-method signature="verifyLoginWithEmptyFields()[pri:3, instance:Testcasesdemo.LoginTest@3c19aaa5]" started-at="2025-12-12T12:08:10 IST" name="verifyLoginWithEmptyFields" finished-at="2025-12-12T12:08:13 IST" duration-ms="2276" status="PASS">
          <reporter-output>
          </reporter-output>
        </test-method> <!-- verifyLoginWithEmptyFields -->
        <test-method is-config="true" signature="tearDown()[pri:0, instance:Testcasesdemo.LoginTest@3c19aaa5]" started-at="2025-12-12T12:08:13 IST" name="tearDown" finished-at="2025-12-12T12:08:13 IST" duration-ms="255" status="PASS">
          <reporter-output>
          </reporter-output>
        </test-method> <!-- tearDown -->
        <test-method is-config="true" signature="setup()[pri:0, instance:Testcasesdemo.LoginTest@3c19aaa5]" started-at="2025-12-12T12:08:13 IST" name="setup" finished-at="2025-12-12T12:08:15 IST" duration-ms="2149" status="PASS">
          <reporter-output>
          </reporter-output>
        </test-method> <!-- setup -->
        <test-method signature="verifyLoginWithEmptyUsernameOnly()[pri:4, instance:Testcasesdemo.LoginTest@3c19aaa5]" started-at="2025-12-12T12:08:15 IST" name="verifyLoginWithEmptyUsernameOnly" finished-at="2025-12-12T12:08:17 IST" duration-ms="2321" status="PASS">
          <reporter-output>
          </reporter-output>
        </test-method> <!-- verifyLoginWithEmptyUsernameOnly -->
        <test-method is-config="true" signature="tearDown()[pri:0, instance:Testcasesdemo.LoginTest@3c19aaa5]" started-at="2025-12-12T12:08:17 IST" name="tearDown" finished-at="2025-12-12T12:08:18 IST" duration-ms="282" status="PASS">
          <reporter-output>
          </reporter-output>
        </test-method> <!-- tearDown -->
        <test-method is-config="true" signature="setup()[pri:0, instance:Testcasesdemo.LoginTest@3c19aaa5]" started-at="2025-12-12T12:08:18 IST" name="setup" finished-at="2025-12-12T12:08:20 IST" duration-ms="2158" status="PASS">
          <reporter-output>
          </reporter-output>
        </test-method> <!-- setup -->
        <test-method signature="verifyLoginWithEmptyPasswordOnly()[pri:5, instance:Testcasesdemo.LoginTest@3c19aaa5]" started-at="2025-12-12T12:08:20 IST" name="verifyLoginWithEmptyPasswordOnly" finished-at="2025-12-12T12:08:22 IST" duration-ms="2407" status="PASS">
          <reporter-output>
          </reporter-output>
        </test-method> <!-- verifyLoginWithEmptyPasswordOnly -->
        <test-method is-config="true" signature="tearDown()[pri:0, instance:Testcasesdemo.LoginTest@3c19aaa5]" started-at="2025-12-12T12:08:22 IST" name="tearDown" finished-at="2025-12-12T12:08:22 IST" duration-ms="307" status="PASS">
          <reporter-output>
          </reporter-output>
        </test-method> <!-- tearDown -->
      </class> <!-- Testcasesdemo.LoginTest -->
      <class name="Testcasesdemo.Signup_test">
        <test-method is-config="true" signature="setup()[pri:0, instance:Testcasesdemo.Signup_test@478190fc]" started-at="2025-12-12T12:07:18 IST" name="setup" finished-at="2025-12-12T12:07:25 IST" duration-ms="7059" status="PASS">
          <reporter-output>
          </reporter-output>
        </test-method> <!-- setup -->
        <test-method signature="verifySignupWithBlankFields()[pri:0, instance:Testcasesdemo.Signup_test@478190fc]" started-at="2025-12-12T12:07:25 IST" name="verifySignupWithBlankFields" finished-at="2025-12-12T12:07:31 IST" duration-ms="5589" status="PASS">
          <reporter-output>
          </reporter-output>
        </test-method> <!-- verifySignupWithBlankFields -->
        <test-method is-config="true" signature="tearDown()[pri:0, instance:Testcasesdemo.Signup_test@478190fc]" started-at="2025-12-12T12:07:31 IST" name="tearDown" finished-at="2025-12-12T12:07:31 IST" duration-ms="338" status="PASS">
          <reporter-output>
          </reporter-output>
        </test-method> <!-- tearDown -->
        <test-method is-config="true" signature="setup()[pri:0, instance:Testcasesdemo.Signup_test@478190fc]" started-at="2025-12-12T12:07:31 IST" name="setup" finished-at="2025-12-12T12:07:33 IST" duration-ms="2220" status="PASS">
          <reporter-output>
          </reporter-output>
        </test-method> <!-- setup -->
        <test-method signature="verifySignupWithInvalidUsername()[pri:0, instance:Testcasesdemo.Signup_test@478190fc]" started-at="2025-12-12T12:07:33 IST" name="verifySignupWithInvalidUsername" finished-at="2025-12-12T12:07:39 IST" duration-ms="5466" status="PASS">
          <reporter-output>
          </reporter-output>
        </test-method> <!-- verifySignupWithInvalidUsername -->
        <test-method is-config="true" signature="tearDown()[pri:0, instance:Testcasesdemo.Signup_test@478190fc]" started-at="2025-12-12T12:07:39 IST" name="tearDown" finished-at="2025-12-12T12:07:39 IST" duration-ms="364" status="PASS">
          <reporter-output>
          </reporter-output>
        </test-method> <!-- tearDown -->
        <test-method is-config="true" signature="setup()[pri:0, instance:Testcasesdemo.Signup_test@478190fc]" started-at="2025-12-12T12:07:39 IST" name="setup" finished-at="2025-12-12T12:07:42 IST" duration-ms="2580" status="PASS">
          <reporter-output>
          </reporter-output>
        </test-method> <!-- setup -->
        <test-method signature="verifySuccessfulSignup()[pri:0, instance:Testcasesdemo.Signup_test@478190fc]" started-at="2025-12-12T12:07:42 IST" name="verifySuccessfulSignup" finished-at="2025-12-12T12:07:48 IST" duration-ms="6549" status="PASS">
          <reporter-output>
          </reporter-output>
        </test-method> <!-- verifySuccessfulSignup -->
        <test-method is-config="true" signature="tearDown()[pri:0, instance:Testcasesdemo.Signup_test@478190fc]" started-at="2025-12-12T12:07:48 IST" name="tearDown" finished-at="2025-12-12T12:07:49 IST" duration-ms="306" status="PASS">
          <reporter-output>
          </reporter-output>
        </test-method> <!-- tearDown -->
      </class> <!-- Testcasesdemo.Signup_test -->
      <class name="Testcasesdemo.SignUpLoginPurchaseFlowTest">
        <test-method is-config="true" signature="setup()[pri:0, instance:Testcasesdemo.SignUpLoginPurchaseFlowTest@55182842]" started-at="2025-12-12T12:12:39 IST" name="setup" finished-at="2025-12-12T12:12:42 IST" duration-ms="2520" status="PASS">
          <reporter-output>
          </reporter-output>
        </test-method> <!-- setup -->
        <test-method signature="testSignUpLoginPurchaseFlow()[pri:0, instance:Testcasesdemo.SignUpLoginPurchaseFlowTest@55182842]" started-at="2025-12-12T12:12:42 IST" name="testSignUpLoginPurchaseFlow" finished-at="2025-12-12T12:14:38 IST" duration-ms="116246" status="PASS">
          <reporter-output>
          </reporter-output>
        </test-method> <!-- testSignUpLoginPurchaseFlow -->
        <test-method is-config="true" signature="tearDown()[pri:0, instance:Testcasesdemo.SignUpLoginPurchaseFlowTest@55182842]" started-at="2025-12-12T12:14:38 IST" name="tearDown" finished-at="2025-12-12T12:14:38 IST" duration-ms="359" status="PASS">
          <reporter-output>
          </reporter-output>
        </test-method> <!-- tearDown -->
      </class> <!-- Testcasesdemo.SignUpLoginPurchaseFlowTest -->
      <class name="Testcasesdemo.ContactTest">
        <test-method is-config="true" signature="setup()[pri:0, instance:Testcasesdemo.ContactTest@49e53c76]" started-at="2025-12-12T12:09:26 IST" name="setup" finished-at="2025-12-12T12:09:28 IST" duration-ms="2225" status="PASS">
          <reporter-output>
          </reporter-output>
        </test-method> <!-- setup -->
        <test-method is-config="true" signature="setUpContactForm()[pri:0, instance:Testcasesdemo.ContactTest@49e53c76]" started-at="2025-12-12T12:09:28 IST" name="setUpContactForm" finished-at="2025-12-12T12:09:31 IST" duration-ms="2756" status="PASS">
          <reporter-output>
          </reporter-output>
        </test-method> <!-- setUpContactForm -->
        <test-method signature="testCloseButton()[pri:0, instance:Testcasesdemo.ContactTest@49e53c76]" started-at="2025-12-12T12:09:31 IST" name="testCloseButton" finished-at="2025-12-12T12:09:31 IST" duration-ms="208" status="PASS">
          <reporter-output>
          </reporter-output>
        </test-method> <!-- testCloseButton -->
        <test-method is-config="true" signature="tearDown()[pri:0, instance:Testcasesdemo.ContactTest@49e53c76]" started-at="2025-12-12T12:09:31 IST" name="tearDown" finished-at="2025-12-12T12:09:32 IST" duration-ms="361" status="PASS">
          <reporter-output>
          </reporter-output>
        </test-method> <!-- tearDown -->
        <test-method is-config="true" signature="setup()[pri:0, instance:Testcasesdemo.ContactTest@49e53c76]" started-at="2025-12-12T12:09:32 IST" name="setup" finished-at="2025-12-12T12:09:34 IST" duration-ms="2234" status="PASS">
          <reporter-output>
          </reporter-output>
        </test-method> <!-- setup -->
        <test-method is-config="true" signature="setUpContactForm()[pri:0, instance:Testcasesdemo.ContactTest@49e53c76]" started-at="2025-12-12T12:09:34 IST" name="setUpContactForm" finished-at="2025-12-12T12:09:36 IST" duration-ms="2528" status="PASS">
          <reporter-output>
          </reporter-output>
        </test-method> <!-- setUpContactForm -->
        <test-method signature="testEmptyAllFields()[pri:0, instance:Testcasesdemo.ContactTest@49e53c76]" started-at="2025-12-12T12:09:36 IST" name="testEmptyAllFields" finished-at="2025-12-12T12:09:37 IST" duration-ms="595" status="PASS">
          <reporter-output>
          </reporter-output>
        </test-method> <!-- testEmptyAllFields -->
        <test-method is-config="true" signature="tearDown()[pri:0, instance:Testcasesdemo.ContactTest@49e53c76]" started-at="2025-12-12T12:09:37 IST" name="tearDown" finished-at="2025-12-12T12:09:37 IST" duration-ms="363" status="PASS">
          <reporter-output>
          </reporter-output>
        </test-method> <!-- tearDown -->
        <test-method is-config="true" signature="setup()[pri:0, instance:Testcasesdemo.ContactTest@49e53c76]" started-at="2025-12-12T12:09:37 IST" name="setup" finished-at="2025-12-12T12:09:40 IST" duration-ms="2445" status="PASS">
          <reporter-output>
          </reporter-output>
        </test-method> <!-- setup -->
        <test-method is-config="true" signature="setUpContactForm()[pri:0, instance:Testcasesdemo.ContactTest@49e53c76]" started-at="2025-12-12T12:09:40 IST" name="setUpContactForm" finished-at="2025-12-12T12:09:42 IST" duration-ms="2528" status="PASS">
          <reporter-output>
          </reporter-output>
        </test-method> <!-- setUpContactForm -->
        <test-method signature="testInvalidCharactersName()[pri:0, instance:Testcasesdemo.ContactTest@49e53c76]" started-at="2025-12-12T12:09:42 IST" name="testInvalidCharactersName" finished-at="2025-12-12T12:09:43 IST" duration-ms="648" status="PASS">
          <reporter-output>
          </reporter-output>
        </test-method> <!-- testInvalidCharactersName -->
        <test-method is-config="true" signature="tearDown()[pri:0, instance:Testcasesdemo.ContactTest@49e53c76]" started-at="2025-12-12T12:09:43 IST" name="tearDown" finished-at="2025-12-12T12:09:43 IST" duration-ms="328" status="PASS">
          <reporter-output>
          </reporter-output>
        </test-method> <!-- tearDown -->
        <test-method is-config="true" signature="setup()[pri:0, instance:Testcasesdemo.ContactTest@49e53c76]" started-at="2025-12-12T12:09:43 IST" name="setup" finished-at="2025-12-12T12:09:46 IST" duration-ms="2280" status="PASS">
          <reporter-output>
          </reporter-output>
        </test-method> <!-- setup -->
        <test-method is-config="true" signature="setUpContactForm()[pri:0, instance:Testcasesdemo.ContactTest@49e53c76]" started-at="2025-12-12T12:09:46 IST" name="setUpContactForm" finished-at="2025-12-12T12:09:48 IST" duration-ms="2552" status="PASS">
          <reporter-output>
          </reporter-output>
        </test-method> <!-- setUpContactForm -->
        <test-method signature="testInvalidEmailFormat()[pri:0, instance:Testcasesdemo.ContactTest@49e53c76]" started-at="2025-12-12T12:09:48 IST" name="testInvalidEmailFormat" finished-at="2025-12-12T12:09:49 IST" duration-ms="541" status="PASS">
          <reporter-output>
          </reporter-output>
        </test-method> <!-- testInvalidEmailFormat -->
        <test-method is-config="true" signature="tearDown()[pri:0, instance:Testcasesdemo.ContactTest@49e53c76]" started-at="2025-12-12T12:09:49 IST" name="tearDown" finished-at="2025-12-12T12:09:49 IST" duration-ms="292" status="PASS">
          <reporter-output>
          </reporter-output>
        </test-method> <!-- tearDown -->
        <test-method is-config="true" signature="setup()[pri:0, instance:Testcasesdemo.ContactTest@49e53c76]" started-at="2025-12-12T12:09:49 IST" name="setup" finished-at="2025-12-12T12:09:51 IST" duration-ms="2141" status="PASS">
          <reporter-output>
          </reporter-output>
        </test-method> <!-- setup -->
        <test-method is-config="true" signature="setUpContactForm()[pri:0, instance:Testcasesdemo.ContactTest@49e53c76]" started-at="2025-12-12T12:09:51 IST" name="setUpContactForm" finished-at="2025-12-12T12:09:54 IST" duration-ms="2539" status="PASS">
          <reporter-output>
          </reporter-output>
        </test-method> <!-- setUpContactForm -->
        <test-method signature="testValidContactMessage()[pri:0, instance:Testcasesdemo.ContactTest@49e53c76]" started-at="2025-12-12T12:09:54 IST" name="testValidContactMessage" finished-at="2025-12-12T12:09:54 IST" duration-ms="696" status="PASS">
          <reporter-output>
          </reporter-output>
        </test-method> <!-- testValidContactMessage -->
        <test-method is-config="true" signature="tearDown()[pri:0, instance:Testcasesdemo.ContactTest@49e53c76]" started-at="2025-12-12T12:09:54 IST" name="tearDown" finished-at="2025-12-12T12:09:55 IST" duration-ms="330" status="PASS">
          <reporter-output>
          </reporter-output>
        </test-method> <!-- tearDown -->
        <test-method is-config="true" signature="setup()[pri:0, instance:Testcasesdemo.ContactTest@49e53c76]" started-at="2025-12-12T12:09:55 IST" name="setup" finished-at="2025-12-12T12:09:57 IST" duration-ms="2155" status="PASS">
          <reporter-output>
          </reporter-output>
        </test-method> <!-- setup -->
        <test-method is-config="true" signature="setUpContactForm()[pri:0, instance:Testcasesdemo.ContactTest@49e53c76]" started-at="2025-12-12T12:09:57 IST" name="setUpContactForm" finished-at="2025-12-12T12:09:59 IST" duration-ms="2536" status="PASS">
          <reporter-output>
          </reporter-output>
        </test-method> <!-- setUpContactForm -->
        <test-method signature="testValidEmailOnly()[pri:0, instance:Testcasesdemo.ContactTest@49e53c76]" started-at="2025-12-12T12:09:59 IST" name="testValidEmailOnly" finished-at="2025-12-12T12:10:00 IST" duration-ms="619" status="PASS">
          <reporter-output>
          </reporter-output>
        </test-method> <!-- testValidEmailOnly -->
        <test-method is-config="true" signature="tearDown()[pri:0, instance:Testcasesdemo.ContactTest@49e53c76]" started-at="2025-12-12T12:10:00 IST" name="tearDown" finished-at="2025-12-12T12:10:00 IST" duration-ms="362" status="PASS">
          <reporter-output>
          </reporter-output>
        </test-method> <!-- tearDown -->
        <test-method is-config="true" signature="setup()[pri:0, instance:Testcasesdemo.ContactTest@49e53c76]" started-at="2025-12-12T12:10:00 IST" name="setup" finished-at="2025-12-12T12:10:03 IST" duration-ms="2303" status="PASS">
          <reporter-output>
          </reporter-output>
        </test-method> <!-- setup -->
        <test-method is-config="true" signature="setUpContactForm()[pri:0, instance:Testcasesdemo.ContactTest@49e53c76]" started-at="2025-12-12T12:10:03 IST" name="setUpContactForm" finished-at="2025-12-12T12:10:05 IST" duration-ms="2546" status="PASS">
          <reporter-output>
          </reporter-output>
        </test-method> <!-- setUpContactForm -->
        <test-method signature="testValidMessageOnly()[pri:0, instance:Testcasesdemo.ContactTest@49e53c76]" started-at="2025-12-12T12:10:05 IST" name="testValidMessageOnly" finished-at="2025-12-12T12:10:06 IST" duration-ms="612" status="PASS">
          <reporter-output>
          </reporter-output>
        </test-method> <!-- testValidMessageOnly -->
        <test-method is-config="true" signature="tearDown()[pri:0, instance:Testcasesdemo.ContactTest@49e53c76]" started-at="2025-12-12T12:10:06 IST" name="tearDown" finished-at="2025-12-12T12:10:06 IST" duration-ms="327" status="PASS">
          <reporter-output>
          </reporter-output>
        </test-method> <!-- tearDown -->
        <test-method is-config="true" signature="setup()[pri:0, instance:Testcasesdemo.ContactTest@49e53c76]" started-at="2025-12-12T12:10:06 IST" name="setup" finished-at="2025-12-12T12:10:08 IST" duration-ms="2117" status="PASS">
          <reporter-output>
          </reporter-output>
        </test-method> <!-- setup -->
        <test-method is-config="true" signature="setUpContactForm()[pri:0, instance:Testcasesdemo.ContactTest@49e53c76]" started-at="2025-12-12T12:10:08 IST" name="setUpContactForm" finished-at="2025-12-12T12:10:11 IST" duration-ms="2474" status="PASS">
          <reporter-output>
          </reporter-output>
        </test-method> <!-- setUpContactForm -->
        <test-method signature="testValidNameOnly()[pri:0, instance:Testcasesdemo.ContactTest@49e53c76]" started-at="2025-12-12T12:10:11 IST" name="testValidNameOnly" finished-at="2025-12-12T12:10:11 IST" duration-ms="626" status="PASS">
          <reporter-output>
          </reporter-output>
        </test-method> <!-- testValidNameOnly -->
        <test-method is-config="true" signature="tearDown()[pri:0, instance:Testcasesdemo.ContactTest@49e53c76]" started-at="2025-12-12T12:10:11 IST" name="tearDown" finished-at="2025-12-12T12:10:12 IST" duration-ms="363" status="PASS">
          <reporter-output>
          </reporter-output>
        </test-method> <!-- tearDown -->
        <test-method is-config="true" signature="setup()[pri:0, instance:Testcasesdemo.ContactTest@49e53c76]" started-at="2025-12-12T12:10:12 IST" name="setup" finished-at="2025-12-12T12:10:14 IST" duration-ms="2474" status="PASS">
          <reporter-output>
          </reporter-output>
        </test-method> <!-- setup -->
        <test-method is-config="true" signature="setUpContactForm()[pri:0, instance:Testcasesdemo.ContactTest@49e53c76]" started-at="2025-12-12T12:10:14 IST" name="setUpContactForm" finished-at="2025-12-12T12:10:17 IST" duration-ms="2569" status="PASS">
          <reporter-output>
          </reporter-output>
        </test-method> <!-- setUpContactForm -->
        <test-method signature="testVeryLongMessage()[pri:0, instance:Testcasesdemo.ContactTest@49e53c76]" started-at="2025-12-12T12:10:17 IST" name="testVeryLongMessage" finished-at="2025-12-12T12:10:20 IST" duration-ms="2690" status="PASS">
          <reporter-output>
          </reporter-output>
        </test-method> <!-- testVeryLongMessage -->
        <test-method is-config="true" signature="tearDown()[pri:0, instance:Testcasesdemo.ContactTest@49e53c76]" started-at="2025-12-12T12:10:20 IST" name="tearDown" finished-at="2025-12-12T12:10:20 IST" duration-ms="343" status="PASS">
          <reporter-output>
          </reporter-output>
        </test-method> <!-- tearDown -->
        <test-method is-config="true" signature="setup()[pri:0, instance:Testcasesdemo.ContactTest@49e53c76]" started-at="2025-12-12T12:10:20 IST" name="setup" finished-at="2025-12-12T12:10:22 IST" duration-ms="2430" status="PASS">
          <reporter-output>
          </reporter-output>
        </test-method> <!-- setup -->
        <test-method is-config="true" signature="setUpContactForm()[pri:0, instance:Testcasesdemo.ContactTest@49e53c76]" started-at="2025-12-12T12:10:22 IST" name="setUpContactForm" finished-at="2025-12-12T12:10:25 IST" duration-ms="2474" status="PASS">
          <reporter-output>
          </reporter-output>
        </test-method> <!-- setUpContactForm -->
        <test-method signature="testVeryLongName()[pri:0, instance:Testcasesdemo.ContactTest@49e53c76]" started-at="2025-12-12T12:10:25 IST" name="testVeryLongName" finished-at="2025-12-12T12:10:26 IST" duration-ms="1002" status="PASS">
          <reporter-output>
          </reporter-output>
        </test-method> <!-- testVeryLongName -->
        <test-method is-config="true" signature="tearDown()[pri:0, instance:Testcasesdemo.ContactTest@49e53c76]" started-at="2025-12-12T12:10:26 IST" name="tearDown" finished-at="2025-12-12T12:10:26 IST" duration-ms="396" status="PASS">
          <reporter-output>
          </reporter-output>
        </test-method> <!-- tearDown -->
      </class> <!-- Testcasesdemo.ContactTest -->
      <class name="Testcasesdemo.ProductView_Test">
        <test-method is-config="true" signature="setup()[pri:0, instance:Testcasesdemo.ProductView_Test@38d8f54a]" started-at="2025-12-12T12:08:56 IST" name="setup" finished-at="2025-12-12T12:08:58 IST" duration-ms="2168" status="PASS">
          <reporter-output>
          </reporter-output>
        </test-method> <!-- setup -->
        <test-method signature="verifyPhonesCategoryImagesDisplayed()[pri:1, instance:Testcasesdemo.ProductView_Test@38d8f54a]" started-at="2025-12-12T12:08:58 IST" name="verifyPhonesCategoryImagesDisplayed" finished-at="2025-12-12T12:08:59 IST" duration-ms="1379" status="PASS">
          <reporter-output>
          </reporter-output>
        </test-method> <!-- verifyPhonesCategoryImagesDisplayed -->
        <test-method is-config="true" signature="tearDown()[pri:0, instance:Testcasesdemo.ProductView_Test@38d8f54a]" started-at="2025-12-12T12:08:59 IST" name="tearDown" finished-at="2025-12-12T12:09:00 IST" duration-ms="387" status="PASS">
          <reporter-output>
          </reporter-output>
        </test-method> <!-- tearDown -->
        <test-method is-config="true" signature="setup()[pri:0, instance:Testcasesdemo.ProductView_Test@38d8f54a]" started-at="2025-12-12T12:09:00 IST" name="setup" finished-at="2025-12-12T12:09:02 IST" duration-ms="2175" status="PASS">
          <reporter-output>
          </reporter-output>
        </test-method> <!-- setup -->
        <test-method signature="verifyLaptopsCategoryImagesDisplayed()[pri:2, instance:Testcasesdemo.ProductView_Test@38d8f54a]" started-at="2025-12-12T12:09:02 IST" name="verifyLaptopsCategoryImagesDisplayed" finished-at="2025-12-12T12:09:04 IST" duration-ms="2243" status="PASS">
          <reporter-output>
          </reporter-output>
        </test-method> <!-- verifyLaptopsCategoryImagesDisplayed -->
        <test-method is-config="true" signature="tearDown()[pri:0, instance:Testcasesdemo.ProductView_Test@38d8f54a]" started-at="2025-12-12T12:09:04 IST" name="tearDown" finished-at="2025-12-12T12:09:05 IST" duration-ms="365" status="PASS">
          <reporter-output>
          </reporter-output>
        </test-method> <!-- tearDown -->
        <test-method is-config="true" signature="setup()[pri:0, instance:Testcasesdemo.ProductView_Test@38d8f54a]" started-at="2025-12-12T12:09:05 IST" name="setup" finished-at="2025-12-12T12:09:07 IST" duration-ms="2473" status="PASS">
          <reporter-output>
          </reporter-output>
        </test-method> <!-- setup -->
        <test-method signature="verifyMonitorsCategoryImagesDisplayed()[pri:3, instance:Testcasesdemo.ProductView_Test@38d8f54a]" started-at="2025-12-12T12:09:07 IST" name="verifyMonitorsCategoryImagesDisplayed" finished-at="2025-12-12T12:09:09 IST" duration-ms="2205" status="PASS">
          <reporter-output>
          </reporter-output>
        </test-method> <!-- verifyMonitorsCategoryImagesDisplayed -->
        <test-method is-config="true" signature="tearDown()[pri:0, instance:Testcasesdemo.ProductView_Test@38d8f54a]" started-at="2025-12-12T12:09:09 IST" name="tearDown" finished-at="2025-12-12T12:09:10 IST" duration-ms="372" status="PASS">
          <reporter-output>
          </reporter-output>
        </test-method> <!-- tearDown -->
        <test-method is-config="true" signature="setup()[pri:0, instance:Testcasesdemo.ProductView_Test@38d8f54a]" started-at="2025-12-12T12:09:10 IST" name="setup" finished-at="2025-12-12T12:09:12 IST" duration-ms="2154" status="PASS">
          <reporter-output>
          </reporter-output>
        </test-method> <!-- setup -->
        <test-method signature="verifyAllPhoneNamesDisplayed()[pri:4, instance:Testcasesdemo.ProductView_Test@38d8f54a]" started-at="2025-12-12T12:09:12 IST" name="verifyAllPhoneNamesDisplayed" finished-at="2025-12-12T12:09:14 IST" duration-ms="2245" status="PASS">
          <reporter-output>
          </reporter-output>
        </test-method> <!-- verifyAllPhoneNamesDisplayed -->
        <test-method is-config="true" signature="tearDown()[pri:0, instance:Testcasesdemo.ProductView_Test@38d8f54a]" started-at="2025-12-12T12:09:14 IST" name="tearDown" finished-at="2025-12-12T12:09:14 IST" duration-ms="296" status="PASS">
          <reporter-output>
          </reporter-output>
        </test-method> <!-- tearDown -->
        <test-method is-config="true" signature="setup()[pri:0, instance:Testcasesdemo.ProductView_Test@38d8f54a]" started-at="2025-12-12T12:09:14 IST" name="setup" finished-at="2025-12-12T12:09:17 IST" duration-ms="2322" status="PASS">
          <reporter-output>
          </reporter-output>
        </test-method> <!-- setup -->
        <test-method signature="TC_Phone_NEG_001_verifyPhonesNotShownWithoutClick()[pri:5, instance:Testcasesdemo.ProductView_Test@38d8f54a]" started-at="2025-12-12T12:09:17 IST" name="TC_Phone_NEG_001_verifyPhonesNotShownWithoutClick" finished-at="2025-12-12T12:09:17 IST" duration-ms="21" status="PASS">
          <reporter-output>
          </reporter-output>
        </test-method> <!-- TC_Phone_NEG_001_verifyPhonesNotShownWithoutClick -->
        <test-method is-config="true" signature="tearDown()[pri:0, instance:Testcasesdemo.ProductView_Test@38d8f54a]" started-at="2025-12-12T12:09:17 IST" name="tearDown" finished-at="2025-12-12T12:09:17 IST" duration-ms="225" status="PASS">
          <reporter-output>
          </reporter-output>
        </test-method> <!-- tearDown -->
        <test-method is-config="true" signature="setup()[pri:0, instance:Testcasesdemo.ProductView_Test@38d8f54a]" started-at="2025-12-12T12:09:17 IST" name="setup" finished-at="2025-12-12T12:09:19 IST" duration-ms="2144" status="PASS">
          <reporter-output>
          </reporter-output>
        </test-method> <!-- setup -->
        <test-method signature="TC_Phone_NEG_002_verifyNoEmptyProductNames()[pri:6, instance:Testcasesdemo.ProductView_Test@38d8f54a]" started-at="2025-12-12T12:09:19 IST" name="TC_Phone_NEG_002_verifyNoEmptyProductNames" finished-at="2025-12-12T12:09:21 IST" duration-ms="2246" status="PASS">
          <reporter-output>
          </reporter-output>
        </test-method> <!-- TC_Phone_NEG_002_verifyNoEmptyProductNames -->
        <test-method is-config="true" signature="tearDown()[pri:0, instance:Testcasesdemo.ProductView_Test@38d8f54a]" started-at="2025-12-12T12:09:21 IST" name="tearDown" finished-at="2025-12-12T12:09:22 IST" duration-ms="305" status="PASS">
          <reporter-output>
          </reporter-output>
        </test-method> <!-- tearDown -->
        <test-method is-config="true" signature="setup()[pri:0, instance:Testcasesdemo.ProductView_Test@38d8f54a]" started-at="2025-12-12T12:09:22 IST" name="setup" finished-at="2025-12-12T12:09:24 IST" duration-ms="2116" status="PASS">
          <reporter-output>
          </reporter-output>
        </test-method> <!-- setup -->
        <test-method signature="TC_Phone_NEG_003_verifyNoDuplicateProductNames()[pri:7, instance:Testcasesdemo.ProductView_Test@38d8f54a]" started-at="2025-12-12T12:09:24 IST" name="TC_Phone_NEG_003_verifyNoDuplicateProductNames" finished-at="2025-12-12T12:09:26 IST" duration-ms="2230" status="PASS">
          <reporter-output>
          </reporter-output>
        </test-method> <!-- TC_Phone_NEG_003_verifyNoDuplicateProductNames -->
        <test-method is-config="true" signature="tearDown()[pri:0, instance:Testcasesdemo.ProductView_Test@38d8f54a]" started-at="2025-12-12T12:09:26 IST" name="tearDown" finished-at="2025-12-12T12:09:26 IST" duration-ms="291" status="PASS">
          <reporter-output>
          </reporter-output>
        </test-method> <!-- tearDown -->
      </class> <!-- Testcasesdemo.ProductView_Test -->
    </test> <!-- Test -->
  </suite> <!-- Suite -->
</testng-results>
