<?xml version="1.0" encoding="UTF-8"?>
<!-- Generated by org.testng.reporters.JUnitReportReporter -->
<testsuite hostname="LAPTOP-H362FG0I" failures="0" tests="3" name="Testcasesdemo.Signup_test" time="30.471" errors="0" timestamp="2025-12-12T12:14:38 IST" skipped="0">
  <testcase classname="Testcasesdemo.Signup_test" name="verifySuccessfulSignup" time="13.946"/>
  <testcase classname="Testcasesdemo.Signup_test" name="verifySignupWithBlankFields" time="8.475"/>
  <testcase classname="Testcasesdemo.Signup_test" name="verifySignupWithInvalidUsername" time="8.050"/>
</testsuite> <!-- Testcasesdemo.Signup_test -->
