<?xml version="1.0" encoding="UTF-8"?>
<!-- Generated by org.testng.reporters.JUnitReportReporter -->
<testsuite hostname="LAPTOP-H362FG0I" failures="0" tests="4" name="Testcasesdemo.PlaceOrderTest" time="63.685" errors="0" timestamp="2025-12-12T12:14:38 IST" skipped="0">
  <testcase classname="Testcasesdemo.PlaceOrderTest" name="testPlaceOrder" time="15.905"/>
  <testcase classname="Testcasesdemo.PlaceOrderTest" name="testPlaceOrder" time="15.924"/>
  <testcase classname="Testcasesdemo.PlaceOrderTest" name="testPlaceOrder" time="15.995"/>
  <testcase classname="Testcasesdemo.PlaceOrderTest" name="testPlaceOrder" time="15.861"/>
</testsuite> <!-- Testcasesdemo.PlaceOrderTest -->
