<?xml version="1.0" encoding="UTF-8"?>
<!-- Generated by org.testng.reporters.JUnitReportReporter -->
<testsuite hostname="LAPTOP-H362FG0I" failures="0" tests="10" name="Testcasesdemo.ContactTest" time="60.008" errors="0" timestamp="2025-12-12T12:14:38 IST" skipped="0">
  <testcase classname="Testcasesdemo.ContactTest" name="testCloseButton" time="5.185"/>
  <testcase classname="Testcasesdemo.ContactTest" name="testValidContactMessage" time="6.085"/>
  <testcase classname="Testcasesdemo.ContactTest" name="testValidMessageOnly" time="5.713"/>
  <testcase classname="Testcasesdemo.ContactTest" name="testEmptyAllFields" time="5.799"/>
  <testcase classname="Testcasesdemo.ContactTest" name="testInvalidEmailFormat" time="5.495"/>
  <testcase classname="Testcasesdemo.ContactTest" name="testVeryLongMessage" time="7.978"/>
  <testcase classname="Testcasesdemo.ContactTest" name="testValidNameOnly" time="5.899"/>
  <testcase classname="Testcasesdemo.ContactTest" name="testVeryLongName" time="6.202"/>
  <testcase classname="Testcasesdemo.ContactTest" name="testValidEmailOnly" time="5.953"/>
  <testcase classname="Testcasesdemo.ContactTest" name="testInvalidCharactersName" time="5.699"/>
</testsuite> <!-- Testcasesdemo.ContactTest -->
