<?xml version="1.0" encoding="UTF-8"?>
<!-- Generated by org.testng.reporters.JUnitReportReporter -->
<testsuite hostname="LAPTOP-H362FG0I" failures="0" tests="5" name="Testcasesdemo.AboutTest" time="69.084" errors="0" timestamp="2025-12-12T12:14:38 IST" skipped="0">
  <testcase classname="Testcasesdemo.AboutTest" name="testOpenAboutModal" time="7.445"/>
  <testcase classname="Testcasesdemo.AboutTest" name="testVideoDisplayed" time="30.377"/>
  <testcase classname="Testcasesdemo.AboutTest" name="testCloseButtonWorks" time="8.460"/>
  <testcase classname="Testcasesdemo.AboutTest" name="testIframeLoads" time="9.800"/>
  <testcase classname="Testcasesdemo.AboutTest" name="testVideoPauseFunctionality" time="13.002"/>
</testsuite> <!-- Testcasesdemo.AboutTest -->
