<?xml version="1.0" encoding="UTF-8"?>
<!-- Generated by org.testng.reporters.JUnitReportReporter -->
<testsuite hostname="LAPTOP-H362FG0I" failures="0" tests="6" name="Testcasesdemo.HomeTest" time="33.369" errors="0" timestamp="2025-12-12T12:14:38 IST" skipped="0">
  <testcase classname="Testcasesdemo.HomeTest" name="testClickFirstProduct" time="7.450"/>
  <testcase classname="Testcasesdemo.HomeTest" name="scrollTest" time="12.578"/>
  <testcase classname="Testcasesdemo.HomeTest" name="verifyPaginationButtonsDisplayed" time="2.711"/>
  <testcase classname="Testcasesdemo.HomeTest" name="verifyNextButtonClick" time="4.163"/>
  <testcase classname="Testcasesdemo.HomeTest" name="verifyPreviousButtonClick" time="3.731"/>
  <testcase classname="Testcasesdemo.HomeTest" name="verifySliderImageDisplayed" time="2.736"/>
</testsuite> <!-- Testcasesdemo.HomeTest -->
