<?xml version="1.0" encoding="UTF-8"?>
<!-- Generated by org.testng.reporters.JUnitReportReporter -->
<testsuite hostname="LAPTOP-H362FG0I" failures="0" tests="7" name="Testcasesdemo.ProductView_Test" time="30.362" errors="0" timestamp="2025-12-12T12:14:38 IST" skipped="0">
  <testcase classname="Testcasesdemo.ProductView_Test" name="verifyPhonesCategoryImagesDisplayed" time="3.934"/>
  <testcase classname="Testcasesdemo.ProductView_Test" name="verifyLaptopsCategoryImagesDisplayed" time="4.688"/>
  <testcase classname="Testcasesdemo.ProductView_Test" name="verifyMonitorsCategoryImagesDisplayed" time="4.686"/>
  <testcase classname="Testcasesdemo.ProductView_Test" name="verifyAllPhoneNamesDisplayed" time="4.614"/>
  <testcase classname="Testcasesdemo.ProductView_Test" name="TC_Phone_NEG_001_verifyPhonesNotShownWithoutClick" time="2.501"/>
  <testcase classname="Testcasesdemo.ProductView_Test" name="TC_Phone_NEG_002_verifyNoEmptyProductNames" time="5.091"/>
  <testcase classname="Testcasesdemo.ProductView_Test" name="TC_Phone_NEG_003_verifyNoDuplicateProductNames" time="4.848"/>
</testsuite> <!-- Testcasesdemo.ProductView_Test -->
