<?xml version="1.0" encoding="UTF-8"?>
<!-- Generated by org.testng.reporters.JUnitReportReporter -->
<testsuite hostname="LAPTOP-H362FG0I" failures="0" tests="5" name="Testcasesdemo.LoginTest" time="33.661" errors="0" timestamp="2025-12-12T12:14:38 IST" skipped="0">
  <testcase classname="Testcasesdemo.LoginTest" name="verifyLoginWithWrongPassword" time="8.887"/>
  <testcase classname="Testcasesdemo.LoginTest" name="verifyLoginWithUnregisteredUser" time="9.596"/>
  <testcase classname="Testcasesdemo.LoginTest" name="verifyLoginWithEmptyFields" time="4.728"/>
  <testcase classname="Testcasesdemo.LoginTest" name="verifyLoginWithEmptyUsernameOnly" time="5.298"/>
  <testcase classname="Testcasesdemo.LoginTest" name="verifyLoginWithEmptyPasswordOnly" time="5.152"/>
</testsuite> <!-- Testcasesdemo.LoginTest -->
